<?xml version="1.0" encoding="UTF-8"?>
<testng-results ignored="0" total="3" passed="3" failed="0" skipped="0">
  <reporter-output>
  </reporter-output>
  <suite started-at="2023-09-05T11:54:11 IST" name="Default suite" finished-at="2023-09-05T11:54:18 IST" duration-ms="6947">
    <groups>
    </groups>
    <test started-at="2023-09-05T11:54:11 IST" name="Default test" finished-at="2023-09-05T11:54:18 IST" duration-ms="6947">
      <class name="shoppersStack.ShoppersStackShopper">
        <test-method signature="shopperLogin()[pri:1, instance:shoppersStack.ShoppersStackShopper@4229bb3f]" started-at="2023-09-05T11:54:11 IST" name="shopperLogin" finished-at="2023-09-05T11:54:14 IST" duration-ms="2606" status="PASS">
          <reporter-output>
          </reporter-output>
        </test-method> <!-- shopperLogin -->
        <test-method signature="ViewProducts()[pri:2, instance:shoppersStack.ShoppersStackShopper@4229bb3f]" started-at="2023-09-05T11:54:14 IST" name="ViewProducts" finished-at="2023-09-05T11:54:15 IST" duration-ms="1511" status="PASS">
          <reporter-output>
          </reporter-output>
        </test-method> <!-- ViewProducts -->
        <test-method signature="wishlist()[pri:3, instance:shoppersStack.ShoppersStackShopper@4229bb3f]" started-at="2023-09-05T11:54:15 IST" name="wishlist" finished-at="2023-09-05T11:54:18 IST" duration-ms="2794" status="PASS">
          <reporter-output>
          </reporter-output>
        </test-method> <!-- wishlist -->
      </class> <!-- shoppersStack.ShoppersStackShopper -->
    </test> <!-- Default test -->
  </suite> <!-- Default suite -->
</testng-results>
