<?xml version="1.0" encoding="UTF-8"?>
<!-- Generated by org.testng.reporters.JUnitXMLReporter -->
<testsuite ignored="0" hostname="TYSS-Renukaprasad" failures="0" tests="3" name="Default test" time="6.947" errors="0" timestamp="2023-09-05T11:54:18 IST">
  <testcase classname="shoppersStack.ShoppersStackShopper" name="shopperLogin" time="2.606"/>
  <testcase classname="shoppersStack.ShoppersStackShopper" name="ViewProducts" time="1.511"/>
  <testcase classname="shoppersStack.ShoppersStackShopper" name="wishlist" time="2.794"/>
</testsuite> <!-- Default test -->
